<?xml version="1.0" encoding="UTF-8"?>
<testsuite name="app.meshhop.domain.DomainUseCasesTest" tests="13" skipped="0" failures="0" errors="0" timestamp="2026-09-19T21:32:07.062Z" hostname="titan" time="0.611">
  <properties/>
  <testcase name="settings divergence banner triggers only on real difference" classname="app.meshhop.domain.DomainUseCasesTest" time="0.229"/>
  <testcase name="received DM opens, persists and acks" classname="app.meshhop.domain.DomainUseCasesTest" time="0.303"/>
  <testcase name="group message lands in its conversation" classname="app.meshhop.domain.DomainUseCasesTest" time="0.007"/>
  <testcase name="unknown channel traffic is ignored" classname="app.meshhop.domain.DomainUseCasesTest" time="0.004"/>
  <testcase name="advert refresh updates existing contact without dup" classname="app.meshhop.domain.DomainUseCasesTest" time="0.008"/>
  <testcase name="direct message queues to outbox with envelope" classname="app.meshhop.domain.DomainUseCasesTest" time="0.006"/>
  <testcase name="over-budget message is rejected" classname="app.meshhop.domain.DomainUseCasesTest" time="0.007"/>
  <testcase name="duplicate packets are dropped by tag" classname="app.meshhop.domain.DomainUseCasesTest" time="0.004"/>
  <testcase name="blocked sender never renders" classname="app.meshhop.domain.DomainUseCasesTest" time="0.004"/>
  <testcase name="sync history pulls store through pipeline with dedup" classname="app.meshhop.domain.DomainUseCasesTest" time="0.02"/>
  <testcase name="connect selects preferred radio with silent fallback" classname="app.meshhop.domain.DomainUseCasesTest" time="0.006"/>
  <testcase name="ack flips message to confirmed and dup ack is suppressed" classname="app.meshhop.domain.DomainUseCasesTest" time="0.005"/>
  <testcase name="advert creates pending contact with location" classname="app.meshhop.domain.DomainUseCasesTest" time="0.005"/>
  <system-out><![CDATA[]]></system-out>
  <system-err><![CDATA[]]></system-err>
</testsuite>
