<?xml version="1.0" encoding="UTF-8"?>
<testsuite name="app.meshhop.protocol.CryptoTest" tests="14" skipped="0" failures="0" errors="0" timestamp="2026-09-19T21:32:06.708Z" hostname="titan" time="0.513">
  <properties/>
  <testcase name="RFC 7748 section 6_1 key agreement with clamped Ed25519-style scalar" classname="app.meshhop.protocol.CryptoTest" time="0.356"/>
  <testcase name="expected ACK matches MeshCore formula" classname="app.meshhop.protocol.CryptoTest" time="0.035"/>
  <testcase name="advert round trip with location and name" classname="app.meshhop.protocol.CryptoTest" time="0.019"/>
  <testcase name="group message round trip" classname="app.meshhop.protocol.CryptoTest" time="0.054"/>
  <testcase name="shared secret is symmetric and clamped" classname="app.meshhop.protocol.CryptoTest" time="0.021"/>
  <testcase name="shared secret matches MeshCore orlp library with fixed seeds" classname="app.meshhop.protocol.CryptoTest" time="0.003"/>
  <testcase name="RFC 7748 X25519 section 5_2 vector 1" classname="app.meshhop.protocol.CryptoTest" time="0.001"/>
  <testcase name="advert sign and verify" classname="app.meshhop.protocol.CryptoTest" time="0.004"/>
  <testcase name="direct message round trip between two identities" classname="app.meshhop.protocol.CryptoTest" time="0.005"/>
  <testcase name="encryptThenMac round trip and tamper detection" classname="app.meshhop.protocol.CryptoTest" time="0.001"/>
  <testcase name="channel mac key zero-pads 16-byte secrets to 32" classname="app.meshhop.protocol.CryptoTest" time="0.0"/>
  <testcase name="group data reaction round trip" classname="app.meshhop.protocol.CryptoTest" time="0.003"/>
  <testcase name="ed25519 to montgomery conversion matches birational map" classname="app.meshhop.protocol.CryptoTest" time="0.003"/>
  <testcase name="channel keys are meshcore compatible" classname="app.meshhop.protocol.CryptoTest" time="0.001"/>
  <system-out><![CDATA[seedA=60c41faabdf8008bdda85ee99254a4c08c8980e48ae3482bb9a75a7f5312b7bc
pubA=10a690894f7d613d46504b83d66ab6db9ca2e8a236e6ccebc4cff85009b7d27b
seedB=8d1ec7c5562d0ebab2031b83ed9b1bd4790c25bf7708c0aa27d5c3ad46213d0e
pubB=db2d1beed36155bf8062aebeb0f3263dba213d4cc6685de52aaf2b79ca745f24
s1=6c0d2d613b0dda6e94f308dc94c60206bf5f90c521c4fcd53666004397d8be56
s2=6c0d2d613b0dda6e94f308dc94c60206bf5f90c521c4fcd53666004397d8be56
]]></system-out>
  <system-err><![CDATA[]]></system-err>
</testsuite>
