<?xml version="1.0" encoding="UTF-8"?>
<testsuite name="app.meshhop.protocol.ClockMapperTest" tests="4" skipped="0" failures="0" errors="0" timestamp="2026-09-19T21:11:24.189Z" hostname="titan" time="0.006">
  <properties/>
  <testcase name="packet uptime maps to wall clock" classname="app.meshhop.protocol.ClockMapperTest" time="0.002"/>
  <testcase name="unanchored mapper returns null" classname="app.meshhop.protocol.ClockMapperTest" time="0.0"/>
  <testcase name="re anchor corrects drift without rewinding timestamps" classname="app.meshhop.protocol.ClockMapperTest" time="0.001"/>
  <testcase name="radio wrap is handled with wrap count" classname="app.meshhop.protocol.ClockMapperTest" time="0.0"/>
  <system-out><![CDATA[]]></system-out>
  <system-err><![CDATA[]]></system-err>
</testsuite>
