<?xml version="1.0" encoding="UTF-8"?>
<testsuite name="app.meshhop.protocol.PathCacheTest" tests="2" skipped="0" failures="0" errors="0" timestamp="2026-09-19T21:11:24.607Z" hostname="titan" time="0.003">
  <properties/>
  <testcase name="unknown destination floods" classname="app.meshhop.protocol.PathCacheTest" time="0.001"/>
  <testcase name="route used when learned, cleared on exhaustion" classname="app.meshhop.protocol.PathCacheTest" time="0.002"/>
  <system-out><![CDATA[]]></system-out>
  <system-err><![CDATA[]]></system-err>
</testsuite>
