<?xml version="1.0" encoding="UTF-8"?>
<testsuite name="app.meshhop.transport.RadioSessionTest" tests="7" skipped="0" failures="0" errors="0" timestamp="2026-09-19T21:32:06.614Z" hostname="titan" time="0.387">
  <properties/>
  <testcase name="tx failure surfaces as status error" classname="app.meshhop.transport.RadioSessionTest" time="0.3"/>
  <testcase name="command timeout raises typed exception" classname="app.meshhop.transport.RadioSessionTest" time="0.01"/>
  <testcase name="get info parses 49-byte payload" classname="app.meshhop.transport.RadioSessionTest" time="0.017"/>
  <testcase name="send packet returns seq and tx result" classname="app.meshhop.transport.RadioSessionTest" time="0.013"/>
  <testcase name="fetch packets is cursor resumable" classname="app.meshhop.transport.RadioSessionTest" time="0.02"/>
  <testcase name="ping round trip through fake adapter" classname="app.meshhop.transport.RadioSessionTest" time="0.009"/>
  <testcase name="set radio bumps epoch and notifies others" classname="app.meshhop.transport.RadioSessionTest" time="0.013"/>
  <system-out><![CDATA[]]></system-out>
  <system-err><![CDATA[]]></system-err>
</testsuite>
